<?xml version="1.0" encoding="UTF-8"?>
<!-- Generated by org.testng.reporters.JUnitReportReporter -->
<testsuite skipped="0" hostname="STI-D01-YOGESHA" name="com.pa.qa.testcases.LogInTest" tests="5" failures="0" timestamp="02 Jan 2018 08:12:19 GMT" time="57.681" errors="0">
  <testcase name="LogInToApp" time="2.993" classname="com.pa.qa.testcases.LogInTest"/>
  <testcase name="LogInToApp" time="3.022" classname="com.pa.qa.testcases.LogInTest"/>
  <testcase name="LogInToApp" time="45.134" classname="com.pa.qa.testcases.LogInTest"/>
  <testcase name="LogInToApp" time="2.968" classname="com.pa.qa.testcases.LogInTest"/>
  <testcase name="LogInToApp" time="3.564" classname="com.pa.qa.testcases.LogInTest"/>
</testsuite> <!-- com.pa.qa.testcases.LogInTest -->
